[debug] [2018-06-10T22:05:00.979Z] ----------------------------------------------------------------------
[debug] [2018-06-10T22:05:00.981Z] Command:       /usr/local/bin/node /usr/local/bin/firebase deploy
[debug] [2018-06-10T22:05:00.981Z] CLI Version:   3.18.4
[debug] [2018-06-10T22:05:00.981Z] Platform:      darwin
[debug] [2018-06-10T22:05:00.981Z] Node Version:  v9.6.1
[debug] [2018-06-10T22:05:00.982Z] Time:          Mon Jun 11 2018 00:05:00 GMT+0200 (CEST)
[debug] [2018-06-10T22:05:00.982Z] ----------------------------------------------------------------------
[debug] 
[debug] [2018-06-10T22:05:00.993Z] > command requires scopes: ["email","openid","https://www.googleapis.com/auth/cloudplatformprojects.readonly","https://www.googleapis.com/auth/firebase","https://www.googleapis.com/auth/cloud-platform"]
[debug] [2018-06-10T22:05:00.993Z] > authorizing via signed-in user
[debug] [2018-06-10T22:05:00.995Z] >>> HTTP REQUEST GET https://admin.firebase.com/v1/projects/blog-1523231623641  
  
 Mon Jun 11 2018 00:05:00 GMT+0200 (CEST)
[debug] [2018-06-10T22:05:11.187Z] <<< HTTP RESPONSE 200
[debug] [2018-06-10T22:05:11.188Z] >>> HTTP REQUEST GET https://admin.firebase.com/v1/database/blog-1523231623641/tokens  
  
 Mon Jun 11 2018 00:05:11 GMT+0200 (CEST)
[debug] [2018-06-10T22:05:19.340Z] <<< HTTP RESPONSE 200
[info] 
[info] === Deploying to 'blog-1523231623641'...
[info] 
[info] i  deploying hosting
[info] i  hosting: preparing public directory for upload...
[debug] [2018-06-10T22:05:30.716Z] >>> HTTP REQUEST PUT https://deploy.firebase.com/v1/hosting/blog-1523231623641/uploads/-LEfit8-EfNWqS84NAMu?fileCount=202&message=  
  
 Mon Jun 11 2018 00:05:30 GMT+0200 (CEST)
[debug] [2018-06-10T22:09:04.125Z] ----------------------------------------------------------------------
[debug] [2018-06-10T22:09:04.127Z] Command:       /usr/local/bin/node /usr/local/bin/firebase deploy
[debug] [2018-06-10T22:09:04.127Z] CLI Version:   3.18.4
[debug] [2018-06-10T22:09:04.127Z] Platform:      darwin
[debug] [2018-06-10T22:09:04.127Z] Node Version:  v9.6.1
[debug] [2018-06-10T22:09:04.128Z] Time:          Mon Jun 11 2018 00:09:04 GMT+0200 (CEST)
[debug] [2018-06-10T22:09:04.128Z] ----------------------------------------------------------------------
[debug] 
[debug] [2018-06-10T22:09:04.136Z] > command requires scopes: ["email","openid","https://www.googleapis.com/auth/cloudplatformprojects.readonly","https://www.googleapis.com/auth/firebase","https://www.googleapis.com/auth/cloud-platform"]
[debug] [2018-06-10T22:09:04.136Z] > authorizing via signed-in user
[debug] [2018-06-10T22:09:04.138Z] >>> HTTP REQUEST GET https://admin.firebase.com/v1/projects/blog-1523231623641  
  
 Mon Jun 11 2018 00:09:04 GMT+0200 (CEST)
[debug] [2018-06-10T22:09:09.996Z] <<< HTTP RESPONSE 200
[debug] [2018-06-10T22:09:09.997Z] >>> HTTP REQUEST GET https://admin.firebase.com/v1/database/blog-1523231623641/tokens  
  
 Mon Jun 11 2018 00:09:09 GMT+0200 (CEST)
[debug] [2018-06-10T22:09:15.314Z] <<< HTTP RESPONSE 200
[info] 
[info] === Deploying to 'blog-1523231623641'...
[info] 
[info] i  deploying hosting
[info] i  hosting: preparing public directory for upload...
[debug] [2018-06-10T22:09:17.194Z] >>> HTTP REQUEST PUT https://deploy.firebase.com/v1/hosting/blog-1523231623641/uploads/-LEfjkqiynI_my8T9_Ft?fileCount=202&message=  
  
 Mon Jun 11 2018 00:09:17 GMT+0200 (CEST)
